<?xml version="1.0" encoding="UTF-8"?>
<TestRun id="b33145c9-2448-4788-9d38-067142d6edda" name="jamyers@CCS10600LT 2012-03-29 09:47:18" runUser="CCS\jamyers" xmlns="http://microsoft.com/schemas/VisualStudio/TeamTest/2010">
  <TestSettings name="Default Test Settings" id="9f55ef17-657e-42d1-a85f-e86eb321e12f">
    <Deployment runDeploymentRoot="jamyers_CCS10600LT 2012-03-29 09_47_18">
      <DeploymentItem filename="C:\Users\jamyers\Documents\Visual Studio 2010\Projects\NetVis.Net\NetVis.Net\bin\NetVis.Net.dll" />
    </Deployment>
    <Execution>
      <TestTypeSpecific />
      <AgentRule name="Execution Agents">
      </AgentRule>
    </Execution>
  </TestSettings>
  <Times creation="2012-03-29T09:47:18.2953591-05:00" queuing="2012-03-29T09:47:18.4414321-05:00" start="2012-03-29T09:47:18.4474351-05:00" finish="2012-03-29T09:47:18.7365796-05:00" />
  <ResultSummary outcome="Failed">
    <Counters total="1" executed="1" error="0" failed="1" timeout="0" aborted="0" inconclusive="0" passedButRunAborted="0" notRunnable="0" notExecuted="0" disconnected="0" warning="0" passed="0" completed="0" inProgress="0" pending="0" />
  </ResultSummary>
  <TestDefinitions>
    <UnitTest name="About" storage="c:\users\jamyers\documents\visual studio 2010\projects\netvis.net\netvis.net.tests\bin\debug\netvis.net.tests.dll" id="0493adaa-add5-07d9-ee92-7514f45c3440">
      <Execution id="1e8650ef-a368-4b9b-b001-9c9a6eb696c5" />
      <TestMethod codeBase="C:/Users/jamyers/Documents/Visual Studio 2010/Projects/NetVis.Net/NetVis.Net.Tests/bin/Debug/NetVis.Net.Tests.DLL" adapterTypeName="Microsoft.VisualStudio.TestTools.TestTypes.Unit.UnitTestAdapter, Microsoft.VisualStudio.QualityTools.Tips.UnitTest.Adapter, Version=10.0.0.0, Culture=neutral, PublicKeyToken=b03f5f7f11d50a3a" className="NetVis.Net.Tests.Controllers.HomeControllerTest, NetVis.Net.Tests, Version=1.0.0.0, Culture=neutral, PublicKeyToken=null" name="About" />
    </UnitTest>
  </TestDefinitions>
  <TestLists>
    <TestList name="Results Not in a List" id="8c84fa94-04c1-424b-9868-57a2d4851a1d" />
    <TestList name="All Loaded Results" id="19431567-8539-422a-85d7-44ee4e166bda" />
  </TestLists>
  <TestEntries>
    <TestEntry testId="0493adaa-add5-07d9-ee92-7514f45c3440" executionId="1e8650ef-a368-4b9b-b001-9c9a6eb696c5" testListId="8c84fa94-04c1-424b-9868-57a2d4851a1d" />
  </TestEntries>
  <Results>
    <UnitTestResult executionId="1e8650ef-a368-4b9b-b001-9c9a6eb696c5" testId="0493adaa-add5-07d9-ee92-7514f45c3440" testName="About" computerName="CCS10600LT" duration="00:00:00.1261559" startTime="2012-03-29T09:47:18.4504366-05:00" endTime="2012-03-29T09:47:18.7185706-05:00" testType="13cdc9d9-ddb5-4fa4-a97d-d965ccfc6d4b" outcome="Failed" testListId="8c84fa94-04c1-424b-9868-57a2d4851a1d" relativeResultsDirectory="1e8650ef-a368-4b9b-b001-9c9a6eb696c5">
      <Output>
        <ErrorInfo>
          <Message>Assert.AreEqual failed. Expected:&lt;About&gt;. Actual:&lt;&gt;. View Name Should have been About</Message>
          <StackTrace>   at NetVis.Net.Tests.Controllers.HomeControllerTest.About() in C:\Users\jamyers\Documents\Visual Studio 2010\Projects\NetVis.Net\NetVis.Net.Tests\Controllers\HomeControllerTest.cs:line 53
</StackTrace>
        </ErrorInfo>
      </Output>
    </UnitTestResult>
  </Results>
</TestRun>