<?xml version="1.0" encoding="UTF-8"?>
<TestRun id="e4484fed-8d36-44d5-9475-065e0ba32f7c" name="jamyers@CCS10600LT 2012-03-29 09:32:17" runUser="CCS\jamyers" xmlns="http://microsoft.com/schemas/VisualStudio/TeamTest/2010">
  <TestSettings name="Default Test Settings" id="9e3536c6-8ba8-4e64-96f3-e44970139c75">
    <Deployment runDeploymentRoot="jamyers_CCS10600LT 2012-03-29 09_32_17">
      <DeploymentItem filename="C:\Users\jamyers\Documents\Visual Studio 2010\Projects\NetVis.Net\NetVis.Net\bin\NetVis.Net.dll" />
    </Deployment>
    <Execution>
      <TestTypeSpecific />
      <AgentRule name="Execution Agents">
      </AgentRule>
    </Execution>
  </TestSettings>
  <Times creation="2012-03-29T09:32:17.2176152-05:00" queuing="2012-03-29T09:32:18.6480156-05:00" start="2012-03-29T09:32:18.7380408-05:00" finish="2012-03-29T09:32:23.4393568-05:00" />
  <ResultSummary outcome="Failed">
    <Counters total="1" executed="1" error="0" failed="1" timeout="0" aborted="0" inconclusive="0" passedButRunAborted="0" notRunnable="0" notExecuted="0" disconnected="0" warning="0" passed="0" completed="0" inProgress="0" pending="0" />
  </ResultSummary>
  <TestDefinitions>
    <UnitTest name="Index" storage="c:\users\jamyers\documents\visual studio 2010\projects\netvis.net\netvis.net.tests\bin\debug\netvis.net.tests.dll" id="fdcd16a6-cd1e-97fd-a62e-916d7c0aa52d">
      <Execution id="d79db440-99be-4ebb-8d8f-7bc57397acc8" />
      <TestMethod codeBase="C:/Users/jamyers/Documents/Visual Studio 2010/Projects/NetVis.Net/NetVis.Net.Tests/bin/Debug/NetVis.Net.Tests.DLL" adapterTypeName="Microsoft.VisualStudio.TestTools.TestTypes.Unit.UnitTestAdapter, Microsoft.VisualStudio.QualityTools.Tips.UnitTest.Adapter, Version=10.0.0.0, Culture=neutral, PublicKeyToken=b03f5f7f11d50a3a" className="NetVis.Net.Tests.Controllers.HomeControllerTest, NetVis.Net.Tests, Version=1.0.0.0, Culture=neutral, PublicKeyToken=null" name="Index" />
    </UnitTest>
  </TestDefinitions>
  <TestLists>
    <TestList name="Results Not in a List" id="8c84fa94-04c1-424b-9868-57a2d4851a1d" />
    <TestList name="All Loaded Results" id="19431567-8539-422a-85d7-44ee4e166bda" />
  </TestLists>
  <TestEntries>
    <TestEntry testId="fdcd16a6-cd1e-97fd-a62e-916d7c0aa52d" executionId="d79db440-99be-4ebb-8d8f-7bc57397acc8" testListId="8c84fa94-04c1-424b-9868-57a2d4851a1d" />
  </TestEntries>
  <Results>
    <UnitTestResult executionId="d79db440-99be-4ebb-8d8f-7bc57397acc8" testId="fdcd16a6-cd1e-97fd-a62e-916d7c0aa52d" testName="Index" computerName="CCS10600LT" duration="00:00:02.9211682" startTime="2012-03-29T09:32:18.7880548-05:00" endTime="2012-03-29T09:32:21.8989256-05:00" testType="13cdc9d9-ddb5-4fa4-a97d-d965ccfc6d4b" outcome="Failed" testListId="8c84fa94-04c1-424b-9868-57a2d4851a1d" relativeResultsDirectory="d79db440-99be-4ebb-8d8f-7bc57397acc8">
      <Output>
        <ErrorInfo>
          <Message>Assert.AreEqual failed. Expected:&lt;Index&gt;. Actual:&lt;&gt;. ViewName should have been Index</Message>
          <StackTrace>   at NetVis.Net.Tests.Controllers.HomeControllerTest.Index() in C:\Users\jamyers\Documents\Visual Studio 2010\Projects\NetVis.Net\NetVis.Net.Tests\Controllers\HomeControllerTest.cs:line 27
</StackTrace>
        </ErrorInfo>
      </Output>
    </UnitTestResult>
  </Results>
</TestRun>