<?xml version="1.0" encoding="UTF-8"?>
<TestRun id="03104747-1323-4116-9bf3-f18114995efc" name="jamyers@CCS10600LT 2012-03-29 09:39:32" runUser="CCS\jamyers" xmlns="http://microsoft.com/schemas/VisualStudio/TeamTest/2010">
  <TestSettings name="Default Test Settings" id="dd5e7ee3-f30e-471a-9f2f-ab54cacb26ee">
    <Deployment runDeploymentRoot="jamyers_CCS10600LT 2012-03-29 09_39_32">
      <DeploymentItem filename="C:\Users\jamyers\Documents\Visual Studio 2010\Projects\NetVis.Net\NetVis.Net\bin\NetVis.Net.dll" />
    </Deployment>
    <Execution>
      <TestTypeSpecific />
      <AgentRule name="Execution Agents">
      </AgentRule>
    </Execution>
  </TestSettings>
  <Times creation="2012-03-29T09:39:32.5731262-05:00" queuing="2012-03-29T09:39:32.7573286-05:00" start="2012-03-29T09:39:32.7943693-05:00" finish="2012-03-29T09:39:36.8007715-05:00" />
  <ResultSummary outcome="Completed">
    <Counters total="1" executed="1" passed="1" error="0" failed="0" timeout="0" aborted="0" inconclusive="0" passedButRunAborted="0" notRunnable="0" notExecuted="0" disconnected="0" warning="0" completed="0" inProgress="0" pending="0" />
  </ResultSummary>
  <TestDefinitions>
    <UnitTest name="Index_View_Generates_ListSites" storage="c:\users\jamyers\documents\visual studio 2010\projects\netvis.net\netvis.net.tests\bin\debug\netvis.net.tests.dll" id="58b50124-50a7-9f46-de8d-fa0f0b77eb5c">
      <Execution id="7f4db51b-d558-4063-8429-f1b26f1ba3c1" />
      <TestMethod codeBase="C:/Users/jamyers/Documents/Visual Studio 2010/Projects/NetVis.Net/NetVis.Net.Tests/bin/Debug/NetVis.Net.Tests.DLL" adapterTypeName="Microsoft.VisualStudio.TestTools.TestTypes.Unit.UnitTestAdapter, Microsoft.VisualStudio.QualityTools.Tips.UnitTest.Adapter, Version=10.0.0.0, Culture=neutral, PublicKeyToken=b03f5f7f11d50a3a" className="NetVis.Net.Tests.Controllers.HomeControllerTest, NetVis.Net.Tests, Version=1.0.0.0, Culture=neutral, PublicKeyToken=null" name="Index_View_Generates_ListSites" />
    </UnitTest>
  </TestDefinitions>
  <TestLists>
    <TestList name="Results Not in a List" id="8c84fa94-04c1-424b-9868-57a2d4851a1d" />
    <TestList name="All Loaded Results" id="19431567-8539-422a-85d7-44ee4e166bda" />
  </TestLists>
  <TestEntries>
    <TestEntry testId="58b50124-50a7-9f46-de8d-fa0f0b77eb5c" executionId="7f4db51b-d558-4063-8429-f1b26f1ba3c1" testListId="8c84fa94-04c1-424b-9868-57a2d4851a1d" />
  </TestEntries>
  <Results>
    <UnitTestResult executionId="7f4db51b-d558-4063-8429-f1b26f1ba3c1" testId="58b50124-50a7-9f46-de8d-fa0f0b77eb5c" testName="Index_View_Generates_ListSites" computerName="CCS10600LT" duration="00:00:02.1367214" startTime="2012-03-29T09:39:32.8033792-05:00" endTime="2012-03-29T09:39:35.2600786-05:00" testType="13cdc9d9-ddb5-4fa4-a97d-d965ccfc6d4b" outcome="Passed" testListId="8c84fa94-04c1-424b-9868-57a2d4851a1d" relativeResultsDirectory="7f4db51b-d558-4063-8429-f1b26f1ba3c1">
    </UnitTestResult>
  </Results>
</TestRun>